[0.000000] (-) TimerEvent: {}
[0.001341] (robotino_hal) JobQueued: {'identifier': 'robotino_hal', 'dependencies': OrderedDict()}
[0.001524] (robotino_hal) JobStarted: {'identifier': 'robotino_hal'}
[0.099613] (-) TimerEvent: {}
[0.200094] (-) TimerEvent: {}
[0.300534] (-) TimerEvent: {}
[0.400976] (-) TimerEvent: {}
[0.501434] (-) TimerEvent: {}
[0.601882] (-) TimerEvent: {}
[0.702379] (-) TimerEvent: {}
[0.803109] (-) TimerEvent: {}
[0.903732] (-) TimerEvent: {}
[1.004693] (-) TimerEvent: {}
[1.105286] (-) TimerEvent: {}
[1.206180] (-) TimerEvent: {}
[1.307116] (-) TimerEvent: {}
[1.408005] (-) TimerEvent: {}
[1.508845] (-) TimerEvent: {}
[1.609636] (-) TimerEvent: {}
[1.710400] (-) TimerEvent: {}
[1.811164] (-) TimerEvent: {}
[1.912114] (-) TimerEvent: {}
[2.013023] (-) TimerEvent: {}
[2.113851] (-) TimerEvent: {}
[2.214734] (-) TimerEvent: {}
[2.315593] (-) TimerEvent: {}
[2.416395] (-) TimerEvent: {}
[2.517230] (-) TimerEvent: {}
[2.617779] (-) TimerEvent: {}
[2.718631] (-) TimerEvent: {}
[2.819361] (-) TimerEvent: {}
[2.919962] (-) TimerEvent: {}
[3.020607] (-) TimerEvent: {}
[3.121364] (-) TimerEvent: {}
[3.222194] (-) TimerEvent: {}
[3.323028] (-) TimerEvent: {}
[3.423862] (-) TimerEvent: {}
[3.524644] (-) TimerEvent: {}
[3.625439] (-) TimerEvent: {}
[3.726283] (-) TimerEvent: {}
[3.827102] (-) TimerEvent: {}
[3.927943] (-) TimerEvent: {}
[4.028811] (-) TimerEvent: {}
[4.129673] (-) TimerEvent: {}
[4.230502] (-) TimerEvent: {}
[4.331114] (-) TimerEvent: {}
[4.431923] (-) TimerEvent: {}
[4.532768] (-) TimerEvent: {}
[4.633567] (-) TimerEvent: {}
[4.734149] (-) TimerEvent: {}
[4.834713] (-) TimerEvent: {}
[4.935521] (-) TimerEvent: {}
[5.036147] (-) TimerEvent: {}
[5.136730] (-) TimerEvent: {}
[5.237523] (-) TimerEvent: {}
[5.338277] (-) TimerEvent: {}
[5.438816] (-) TimerEvent: {}
[5.539474] (-) TimerEvent: {}
[5.640335] (-) TimerEvent: {}
[5.741184] (-) TimerEvent: {}
[5.841752] (-) TimerEvent: {}
[5.942388] (-) TimerEvent: {}
[6.042958] (-) TimerEvent: {}
[6.143538] (-) TimerEvent: {}
[6.244138] (-) TimerEvent: {}
[6.344675] (-) TimerEvent: {}
[6.445222] (-) TimerEvent: {}
[6.545830] (-) TimerEvent: {}
[6.646461] (-) TimerEvent: {}
[6.687757] (robotino_hal) JobEnded: {'identifier': 'robotino_hal', 'rc': 0}
[6.689860] (-) EventReactorShutdown: {}
