[0.000000] (-) TimerEvent: {}
[0.000254] (robotino_hal) JobQueued: {'identifier': 'robotino_hal', 'dependencies': OrderedDict()}
[0.001664] (robotino_hal) JobStarted: {'identifier': 'robotino_hal'}
[0.099646] (-) TimerEvent: {}
[0.200093] (-) TimerEvent: {}
[0.300519] (-) TimerEvent: {}
[0.400954] (-) TimerEvent: {}
[0.501373] (-) TimerEvent: {}
[0.601813] (-) TimerEvent: {}
[0.702300] (-) TimerEvent: {}
[0.803158] (-) TimerEvent: {}
[0.903768] (-) TimerEvent: {}
[1.004337] (-) TimerEvent: {}
[1.105193] (-) TimerEvent: {}
[1.206064] (-) TimerEvent: {}
[1.306933] (-) TimerEvent: {}
[1.407749] (-) TimerEvent: {}
[1.508576] (-) TimerEvent: {}
[1.609445] (-) TimerEvent: {}
[1.710274] (-) TimerEvent: {}
[1.811148] (-) TimerEvent: {}
[1.911759] (-) TimerEvent: {}
[2.012543] (-) TimerEvent: {}
[2.113066] (-) TimerEvent: {}
[2.213812] (-) TimerEvent: {}
[2.314639] (-) TimerEvent: {}
[2.415503] (-) TimerEvent: {}
[2.516366] (-) TimerEvent: {}
[2.617227] (-) TimerEvent: {}
[2.718101] (-) TimerEvent: {}
[2.818765] (-) TimerEvent: {}
[2.919336] (-) TimerEvent: {}
[3.019925] (-) TimerEvent: {}
[3.120484] (-) TimerEvent: {}
[3.221002] (-) TimerEvent: {}
[3.321558] (-) TimerEvent: {}
[3.422143] (-) TimerEvent: {}
[3.522759] (-) TimerEvent: {}
[3.623343] (-) TimerEvent: {}
[3.723930] (-) TimerEvent: {}
[3.824532] (-) TimerEvent: {}
[3.925086] (-) TimerEvent: {}
[4.025695] (-) TimerEvent: {}
[4.126252] (-) TimerEvent: {}
[4.226847] (-) TimerEvent: {}
[4.327443] (-) TimerEvent: {}
[4.427982] (-) TimerEvent: {}
[4.528544] (-) TimerEvent: {}
[4.629118] (-) TimerEvent: {}
[4.654757] (robotino_hal) JobEnded: {'identifier': 'robotino_hal', 'rc': 0}
[4.656811] (-) EventReactorShutdown: {}
