[1.304s] Invoking command in '/home/mirashid/robotino_ws/src/robotino_hal': DEBUGINFOD_URLS=https://debuginfod.ubuntu.com PYTHONPATH=/home/mirashid/robotino_ws/src/robotino_hal/build/robotino_hal/prefix_override:/usr/lib/python3/dist-packages/colcon_core/task/python/colcon_distutils_commands:/home/mirashid/robotino_ws/src/robotino_hal/install/robotino_hal/lib/python3.12/site-packages:${PYTHONPATH} /usr/bin/python3 -W ignore:setup.py install is deprecated setup.py egg_info --egg-base build/robotino_hal build --build-base /home/mirashid/robotino_ws/src/robotino_hal/build/robotino_hal/build install --record /home/mirashid/robotino_ws/src/robotino_hal/build/robotino_hal/install.log --single-version-externally-managed install_data
[1.733s] running egg_info
[1.763s] writing build/robotino_hal/robotino_hal.egg-info/PKG-INFO
[1.763s] writing dependency_links to build/robotino_hal/robotino_hal.egg-info/dependency_links.txt
[1.764s] writing entry points to build/robotino_hal/robotino_hal.egg-info/entry_points.txt
[1.764s] writing requirements to build/robotino_hal/robotino_hal.egg-info/requires.txt
[1.764s] writing top-level names to build/robotino_hal/robotino_hal.egg-info/top_level.txt
[1.829s] reading manifest file 'build/robotino_hal/robotino_hal.egg-info/SOURCES.txt'
[1.830s] writing manifest file 'build/robotino_hal/robotino_hal.egg-info/SOURCES.txt'
[1.830s] running build
[1.831s] running build_py
[1.831s] copying robotino_hal/__init__.py -> /home/mirashid/robotino_ws/src/robotino_hal/build/robotino_hal/build/lib/robotino_hal
[1.831s] running install
[1.841s] running install_lib
[1.872s] copying /home/mirashid/robotino_ws/src/robotino_hal/build/robotino_hal/build/lib/robotino_hal/__init__.py -> /home/mirashid/robotino_ws/src/robotino_hal/install/robotino_hal/lib/python3.12/site-packages/robotino_hal
[1.873s] byte-compiling /home/mirashid/robotino_ws/src/robotino_hal/install/robotino_hal/lib/python3.12/site-packages/robotino_hal/__init__.py to __init__.cpython-312.pyc
[1.875s] running install_data
[1.875s] running install_egg_info
[1.908s] removing '/home/mirashid/robotino_ws/src/robotino_hal/install/robotino_hal/lib/python3.12/site-packages/robotino_hal-0.0.0-py3.12.egg-info' (and everything under it)
[1.909s] Copying build/robotino_hal/robotino_hal.egg-info to /home/mirashid/robotino_ws/src/robotino_hal/install/robotino_hal/lib/python3.12/site-packages/robotino_hal-0.0.0-py3.12.egg-info
[1.911s] running install_scripts
[2.133s] Installing robotino_hal script to /home/mirashid/robotino_ws/src/robotino_hal/install/robotino_hal/lib/robotino_hal
[2.134s] writing list of installed files to '/home/mirashid/robotino_ws/src/robotino_hal/build/robotino_hal/install.log'
[2.179s] Invoked command in '/home/mirashid/robotino_ws/src/robotino_hal' returned '0': DEBUGINFOD_URLS=https://debuginfod.ubuntu.com PYTHONPATH=/home/mirashid/robotino_ws/src/robotino_hal/build/robotino_hal/prefix_override:/usr/lib/python3/dist-packages/colcon_core/task/python/colcon_distutils_commands:/home/mirashid/robotino_ws/src/robotino_hal/install/robotino_hal/lib/python3.12/site-packages:${PYTHONPATH} /usr/bin/python3 -W ignore:setup.py install is deprecated setup.py egg_info --egg-base build/robotino_hal build --build-base /home/mirashid/robotino_ws/src/robotino_hal/build/robotino_hal/build install --record /home/mirashid/robotino_ws/src/robotino_hal/build/robotino_hal/install.log --single-version-externally-managed install_data
