[0.000000] (-) TimerEvent: {}
[0.001102] (robotino_hal) JobQueued: {'identifier': 'robotino_hal', 'dependencies': OrderedDict()}
[0.001189] (robotino_hal) JobStarted: {'identifier': 'robotino_hal'}
[0.099728] (-) TimerEvent: {}
[0.200096] (-) TimerEvent: {}
[0.300482] (-) TimerEvent: {}
[0.400859] (-) TimerEvent: {}
[0.501244] (-) TimerEvent: {}
[0.601653] (-) TimerEvent: {}
[0.702040] (-) TimerEvent: {}
[0.802486] (-) TimerEvent: {}
[0.902948] (-) TimerEvent: {}
[1.003454] (-) TimerEvent: {}
[1.103876] (-) TimerEvent: {}
[1.204337] (-) TimerEvent: {}
[1.304828] (-) TimerEvent: {}
[1.405261] (-) TimerEvent: {}
[1.505685] (-) TimerEvent: {}
[1.606164] (-) TimerEvent: {}
[1.706731] (-) TimerEvent: {}
[1.807476] (-) TimerEvent: {}
[1.908082] (-) TimerEvent: {}
[2.008609] (-) TimerEvent: {}
[2.109111] (-) TimerEvent: {}
[2.209580] (-) TimerEvent: {}
[2.310013] (-) TimerEvent: {}
[2.410549] (-) TimerEvent: {}
[2.511090] (-) TimerEvent: {}
[2.611613] (-) TimerEvent: {}
[2.712107] (-) TimerEvent: {}
[2.812577] (-) TimerEvent: {}
[2.913121] (-) TimerEvent: {}
[3.013696] (-) TimerEvent: {}
[3.114214] (-) TimerEvent: {}
[3.214656] (-) TimerEvent: {}
[3.315101] (-) TimerEvent: {}
[3.415625] (-) TimerEvent: {}
[3.515997] (-) TimerEvent: {}
[3.616498] (-) TimerEvent: {}
[3.717070] (-) TimerEvent: {}
[3.817596] (-) TimerEvent: {}
[3.918089] (-) TimerEvent: {}
[4.018642] (-) TimerEvent: {}
[4.119192] (-) TimerEvent: {}
[4.219796] (-) TimerEvent: {}
[4.320332] (-) TimerEvent: {}
[4.420869] (-) TimerEvent: {}
[4.521472] (-) TimerEvent: {}
[4.622034] (-) TimerEvent: {}
[4.722567] (-) TimerEvent: {}
[4.823075] (-) TimerEvent: {}
[4.923658] (-) TimerEvent: {}
[5.024354] (-) TimerEvent: {}
[5.124827] (-) TimerEvent: {}
[5.225281] (-) TimerEvent: {}
[5.325828] (-) TimerEvent: {}
[5.426254] (-) TimerEvent: {}
[5.526699] (-) TimerEvent: {}
[5.627196] (-) TimerEvent: {}
[5.727667] (-) TimerEvent: {}
[5.828167] (-) TimerEvent: {}
[5.928689] (-) TimerEvent: {}
[6.029231] (-) TimerEvent: {}
[6.129818] (-) TimerEvent: {}
[6.230355] (-) TimerEvent: {}
[6.330930] (-) TimerEvent: {}
[6.431446] (-) TimerEvent: {}
[6.531905] (-) TimerEvent: {}
[6.632522] (-) TimerEvent: {}
[6.733076] (-) TimerEvent: {}
[6.833578] (-) TimerEvent: {}
[6.934030] (-) TimerEvent: {}
[7.034539] (-) TimerEvent: {}
[7.135052] (-) TimerEvent: {}
[7.235581] (-) TimerEvent: {}
[7.336035] (-) TimerEvent: {}
[7.436472] (-) TimerEvent: {}
[7.536865] (-) TimerEvent: {}
[7.637318] (-) TimerEvent: {}
[7.737907] (-) TimerEvent: {}
[7.838401] (-) TimerEvent: {}
[7.938882] (-) TimerEvent: {}
[8.039314] (-) TimerEvent: {}
[8.139769] (-) TimerEvent: {}
[8.240928] (-) TimerEvent: {}
[8.341590] (-) TimerEvent: {}
[8.442131] (-) TimerEvent: {}
[8.542651] (-) TimerEvent: {}
[8.643153] (-) TimerEvent: {}
[8.743636] (-) TimerEvent: {}
[8.844491] (-) TimerEvent: {}
[8.945076] (-) TimerEvent: {}
[9.045700] (-) TimerEvent: {}
[9.146280] (-) TimerEvent: {}
[9.246857] (-) TimerEvent: {}
[9.347380] (-) TimerEvent: {}
[9.447981] (-) TimerEvent: {}
[9.548549] (-) TimerEvent: {}
[9.649099] (-) TimerEvent: {}
[9.749661] (-) TimerEvent: {}
[9.850193] (-) TimerEvent: {}
[9.950765] (-) TimerEvent: {}
[10.051340] (-) TimerEvent: {}
[10.151955] (-) TimerEvent: {}
[10.252471] (-) TimerEvent: {}
[10.352833] (-) TimerEvent: {}
[10.453213] (-) TimerEvent: {}
[10.553630] (-) TimerEvent: {}
[10.654045] (-) TimerEvent: {}
[10.754579] (-) TimerEvent: {}
[10.855061] (-) TimerEvent: {}
[10.955577] (-) TimerEvent: {}
[11.056107] (-) TimerEvent: {}
[11.156551] (-) TimerEvent: {}
[11.257061] (-) TimerEvent: {}
[11.357581] (-) TimerEvent: {}
[11.458163] (-) TimerEvent: {}
[11.558688] (-) TimerEvent: {}
[11.659133] (-) TimerEvent: {}
[11.759643] (-) TimerEvent: {}
[11.860137] (-) TimerEvent: {}
[11.960741] (-) TimerEvent: {}
[12.061285] (-) TimerEvent: {}
[12.161856] (-) TimerEvent: {}
[12.262363] (-) TimerEvent: {}
[12.362931] (-) TimerEvent: {}
[12.463503] (-) TimerEvent: {}
[12.537226] (robotino_hal) JobEnded: {'identifier': 'robotino_hal', 'rc': 0}
[12.547924] (-) EventReactorShutdown: {}
