[1.356s] Invoking command in '/home/mirashid/robotino_ws/src/robotino_hal': DEBUGINFOD_URLS=https://debuginfod.ubuntu.com PYTHONPATH=/home/mirashid/robotino_ws/build/robotino_hal/prefix_override:/usr/lib/python3/dist-packages/colcon_core/task/python/colcon_distutils_commands:/home/mirashid/robotino_ws/install/robotino_hal/lib/python3.12/site-packages:${PYTHONPATH} /usr/bin/python3 -W ignore:setup.py install is deprecated setup.py egg_info --egg-base ../../build/robotino_hal build --build-base /home/mirashid/robotino_ws/build/robotino_hal/build install --record /home/mirashid/robotino_ws/build/robotino_hal/install.log --single-version-externally-managed install_data
[1.784s] running egg_info
[1.817s] writing ../../build/robotino_hal/robotino_hal.egg-info/PKG-INFO
[1.818s] writing dependency_links to ../../build/robotino_hal/robotino_hal.egg-info/dependency_links.txt
[1.818s] writing entry points to ../../build/robotino_hal/robotino_hal.egg-info/entry_points.txt
[1.818s] writing requirements to ../../build/robotino_hal/robotino_hal.egg-info/requires.txt
[1.819s] writing top-level names to ../../build/robotino_hal/robotino_hal.egg-info/top_level.txt
[1.882s] reading manifest file '../../build/robotino_hal/robotino_hal.egg-info/SOURCES.txt'
[1.883s] writing manifest file '../../build/robotino_hal/robotino_hal.egg-info/SOURCES.txt'
[1.884s] running build
[1.884s] running build_py
[1.884s] copying robotino_hal/battery_monitor.py -> /home/mirashid/robotino_ws/build/robotino_hal/build/lib/robotino_hal
[1.884s] running install
[1.894s] running install_lib
[1.927s] copying /home/mirashid/robotino_ws/build/robotino_hal/build/lib/robotino_hal/battery_monitor.py -> /home/mirashid/robotino_ws/install/robotino_hal/lib/python3.12/site-packages/robotino_hal
[1.927s] byte-compiling /home/mirashid/robotino_ws/install/robotino_hal/lib/python3.12/site-packages/robotino_hal/battery_monitor.py to battery_monitor.cpython-312.pyc
[1.929s] running install_data
[1.929s] running install_egg_info
[1.964s] removing '/home/mirashid/robotino_ws/install/robotino_hal/lib/python3.12/site-packages/robotino_hal-0.0.0-py3.12.egg-info' (and everything under it)
[1.964s] Copying ../../build/robotino_hal/robotino_hal.egg-info to /home/mirashid/robotino_ws/install/robotino_hal/lib/python3.12/site-packages/robotino_hal-0.0.0-py3.12.egg-info
[1.966s] running install_scripts
[2.185s] Installing battery_monitor script to /home/mirashid/robotino_ws/install/robotino_hal/lib/robotino_hal
[2.186s] writing list of installed files to '/home/mirashid/robotino_ws/build/robotino_hal/install.log'
[2.222s] Invoked command in '/home/mirashid/robotino_ws/src/robotino_hal' returned '0': DEBUGINFOD_URLS=https://debuginfod.ubuntu.com PYTHONPATH=/home/mirashid/robotino_ws/build/robotino_hal/prefix_override:/usr/lib/python3/dist-packages/colcon_core/task/python/colcon_distutils_commands:/home/mirashid/robotino_ws/install/robotino_hal/lib/python3.12/site-packages:${PYTHONPATH} /usr/bin/python3 -W ignore:setup.py install is deprecated setup.py egg_info --egg-base ../../build/robotino_hal build --build-base /home/mirashid/robotino_ws/build/robotino_hal/build install --record /home/mirashid/robotino_ws/build/robotino_hal/install.log --single-version-externally-managed install_data
