running egg_info
creating ../../build/robotino_hal/robotino_hal.egg-info
writing ../../build/robotino_hal/robotino_hal.egg-info/PKG-INFO
writing dependency_links to ../../build/robotino_hal/robotino_hal.egg-info/dependency_links.txt
writing entry points to ../../build/robotino_hal/robotino_hal.egg-info/entry_points.txt
writing requirements to ../../build/robotino_hal/robotino_hal.egg-info/requires.txt
writing top-level names to ../../build/robotino_hal/robotino_hal.egg-info/top_level.txt
writing manifest file '../../build/robotino_hal/robotino_hal.egg-info/SOURCES.txt'
reading manifest file '../../build/robotino_hal/robotino_hal.egg-info/SOURCES.txt'
writing manifest file '../../build/robotino_hal/robotino_hal.egg-info/SOURCES.txt'
running build
running build_py
creating /home/mirashid/robotino_ws/build/robotino_hal/build
creating /home/mirashid/robotino_ws/build/robotino_hal/build/lib
creating /home/mirashid/robotino_ws/build/robotino_hal/build/lib/robotino_hal
copying robotino_hal/battery_monitor.py -> /home/mirashid/robotino_ws/build/robotino_hal/build/lib/robotino_hal
copying robotino_hal/__init__.py -> /home/mirashid/robotino_ws/build/robotino_hal/build/lib/robotino_hal
running install
running install_lib
creating /home/mirashid/robotino_ws/install/robotino_hal/lib/python3.12/site-packages/robotino_hal
copying /home/mirashid/robotino_ws/build/robotino_hal/build/lib/robotino_hal/battery_monitor.py -> /home/mirashid/robotino_ws/install/robotino_hal/lib/python3.12/site-packages/robotino_hal
copying /home/mirashid/robotino_ws/build/robotino_hal/build/lib/robotino_hal/__init__.py -> /home/mirashid/robotino_ws/install/robotino_hal/lib/python3.12/site-packages/robotino_hal
byte-compiling /home/mirashid/robotino_ws/install/robotino_hal/lib/python3.12/site-packages/robotino_hal/battery_monitor.py to battery_monitor.cpython-312.pyc
byte-compiling /home/mirashid/robotino_ws/install/robotino_hal/lib/python3.12/site-packages/robotino_hal/__init__.py to __init__.cpython-312.pyc
running install_data
creating /home/mirashid/robotino_ws/install/robotino_hal/share/ament_index
creating /home/mirashid/robotino_ws/install/robotino_hal/share/ament_index/resource_index
creating /home/mirashid/robotino_ws/install/robotino_hal/share/ament_index/resource_index/packages
copying resource/robotino_hal -> /home/mirashid/robotino_ws/install/robotino_hal/share/ament_index/resource_index/packages
copying package.xml -> /home/mirashid/robotino_ws/install/robotino_hal/share/robotino_hal
running install_egg_info
Copying ../../build/robotino_hal/robotino_hal.egg-info to /home/mirashid/robotino_ws/install/robotino_hal/lib/python3.12/site-packages/robotino_hal-0.0.0-py3.12.egg-info
running install_scripts
Installing battery_monitor script to /home/mirashid/robotino_ws/install/robotino_hal/lib/robotino_hal
writing list of installed files to '/home/mirashid/robotino_ws/build/robotino_hal/install.log'
