[1.310s] Invoking command in '/home/mirashid/robotino_ws/src/robotino_hal': DEBUGINFOD_URLS=https://debuginfod.ubuntu.com PYTHONPATH=/home/mirashid/robotino_ws/build/robotino_hal/prefix_override:/usr/lib/python3/dist-packages/colcon_core/task/python/colcon_distutils_commands:/home/mirashid/robotino_ws/install/robotino_hal/lib/python3.12/site-packages:${PYTHONPATH} /usr/bin/python3 -W ignore:setup.py install is deprecated setup.py egg_info --egg-base ../../build/robotino_hal build --build-base /home/mirashid/robotino_ws/build/robotino_hal/build install --record /home/mirashid/robotino_ws/build/robotino_hal/install.log --single-version-externally-managed install_data
[1.736s] running egg_info
[1.736s] creating ../../build/robotino_hal/robotino_hal.egg-info
[1.766s] writing ../../build/robotino_hal/robotino_hal.egg-info/PKG-INFO
[1.767s] writing dependency_links to ../../build/robotino_hal/robotino_hal.egg-info/dependency_links.txt
[1.767s] writing entry points to ../../build/robotino_hal/robotino_hal.egg-info/entry_points.txt
[1.767s] writing requirements to ../../build/robotino_hal/robotino_hal.egg-info/requires.txt
[1.768s] writing top-level names to ../../build/robotino_hal/robotino_hal.egg-info/top_level.txt
[1.768s] writing manifest file '../../build/robotino_hal/robotino_hal.egg-info/SOURCES.txt'
[1.833s] reading manifest file '../../build/robotino_hal/robotino_hal.egg-info/SOURCES.txt'
[1.834s] writing manifest file '../../build/robotino_hal/robotino_hal.egg-info/SOURCES.txt'
[1.834s] running build
[1.834s] running build_py
[1.835s] creating /home/mirashid/robotino_ws/build/robotino_hal/build
[1.835s] creating /home/mirashid/robotino_ws/build/robotino_hal/build/lib
[1.835s] creating /home/mirashid/robotino_ws/build/robotino_hal/build/lib/robotino_hal
[1.835s] copying robotino_hal/battery_monitor.py -> /home/mirashid/robotino_ws/build/robotino_hal/build/lib/robotino_hal
[1.835s] copying robotino_hal/__init__.py -> /home/mirashid/robotino_ws/build/robotino_hal/build/lib/robotino_hal
[1.835s] running install
[1.845s] running install_lib
[1.877s] creating /home/mirashid/robotino_ws/install/robotino_hal/lib/python3.12/site-packages/robotino_hal
[1.877s] copying /home/mirashid/robotino_ws/build/robotino_hal/build/lib/robotino_hal/battery_monitor.py -> /home/mirashid/robotino_ws/install/robotino_hal/lib/python3.12/site-packages/robotino_hal
[1.878s] copying /home/mirashid/robotino_ws/build/robotino_hal/build/lib/robotino_hal/__init__.py -> /home/mirashid/robotino_ws/install/robotino_hal/lib/python3.12/site-packages/robotino_hal
[1.878s] byte-compiling /home/mirashid/robotino_ws/install/robotino_hal/lib/python3.12/site-packages/robotino_hal/battery_monitor.py to battery_monitor.cpython-312.pyc
[1.880s] byte-compiling /home/mirashid/robotino_ws/install/robotino_hal/lib/python3.12/site-packages/robotino_hal/__init__.py to __init__.cpython-312.pyc
[1.880s] running install_data
[1.880s] creating /home/mirashid/robotino_ws/install/robotino_hal/share/ament_index
[1.880s] creating /home/mirashid/robotino_ws/install/robotino_hal/share/ament_index/resource_index
[1.881s] creating /home/mirashid/robotino_ws/install/robotino_hal/share/ament_index/resource_index/packages
[1.881s] copying resource/robotino_hal -> /home/mirashid/robotino_ws/install/robotino_hal/share/ament_index/resource_index/packages
[1.881s] copying package.xml -> /home/mirashid/robotino_ws/install/robotino_hal/share/robotino_hal
[1.881s] running install_egg_info
[1.915s] Copying ../../build/robotino_hal/robotino_hal.egg-info to /home/mirashid/robotino_ws/install/robotino_hal/lib/python3.12/site-packages/robotino_hal-0.0.0-py3.12.egg-info
[1.917s] running install_scripts
[2.140s] Installing battery_monitor script to /home/mirashid/robotino_ws/install/robotino_hal/lib/robotino_hal
[2.140s] writing list of installed files to '/home/mirashid/robotino_ws/build/robotino_hal/install.log'
[2.180s] Invoked command in '/home/mirashid/robotino_ws/src/robotino_hal' returned '0': DEBUGINFOD_URLS=https://debuginfod.ubuntu.com PYTHONPATH=/home/mirashid/robotino_ws/build/robotino_hal/prefix_override:/usr/lib/python3/dist-packages/colcon_core/task/python/colcon_distutils_commands:/home/mirashid/robotino_ws/install/robotino_hal/lib/python3.12/site-packages:${PYTHONPATH} /usr/bin/python3 -W ignore:setup.py install is deprecated setup.py egg_info --egg-base ../../build/robotino_hal build --build-base /home/mirashid/robotino_ws/build/robotino_hal/build install --record /home/mirashid/robotino_ws/build/robotino_hal/install.log --single-version-externally-managed install_data
